2018-02-01 13:25:02,392Setting the properties of the browsers
2018-02-01 13:25:02,683Opening the browser
2018-02-01 13:25:18,512Entering the url
2018-02-01 13:25:18,574verifying the home page
2018-02-01 13:25:18,595clicking on flights
2018-02-01 13:25:18,802clicking on One way flights
2018-02-01 13:25:19,016Typing chennai in source
2018-02-01 13:25:19,408Typing bangalore in destination
2018-02-01 13:25:20,749Entering date of search
2018-02-01 13:25:27,750verifying the search page
2018-02-01 13:25:27,759verifying the source and destination in search page
2018-02-01 13:25:29,363Closing the browser
2018-02-01 13:25:30,065Opening the browser
2018-02-01 13:25:49,577Entering the url
2018-02-01 13:25:49,593verifying the home page
2018-02-01 13:25:49,595clicking on flights
2018-02-01 13:25:50,279clicking on One way flights
2018-02-01 13:25:50,733Typing chennai in source
2018-02-01 13:26:01,239Typing bangalore in destination
2018-02-01 13:26:12,683Entering date of search
2018-02-01 13:26:14,004verifying the search page
2018-02-01 13:26:14,009verifying the source and destination in search page
2018-02-01 13:26:24,246Closing the browser
2018-02-01 13:26:57,911Setting the properties of the browsers
2018-02-01 13:26:58,161Opening the browser
2018-02-01 13:27:10,414Entering the url
2018-02-01 13:27:10,456verifying the home page
2018-02-01 13:27:10,466clicking on flights
2018-02-01 13:27:10,660clicking on One way flights
2018-02-01 13:27:10,842Typing chennai in source
2018-02-01 13:27:11,428Typing bangalore in destination
2018-02-01 13:27:12,730Entering date of search
2018-02-01 13:27:19,654verifying the search page
2018-02-01 13:27:19,668verifying the source and destination in search page
2018-02-01 13:27:21,212Closing the browser
2018-02-01 13:27:21,969Opening the browser
2018-02-01 13:27:40,450Entering the url
2018-02-01 13:27:40,459verifying the home page
2018-02-01 13:27:40,461clicking on flights
2018-02-01 13:27:40,941clicking on One way flights
2018-02-01 13:27:41,369Typing chennai in source
2018-02-01 13:27:44,829Typing bangalore in destination
2018-02-01 13:27:46,833Entering date of search
2018-02-01 13:27:48,018verifying the search page
2018-02-01 13:27:48,018verifying the source and destination in search page
2018-02-01 13:27:51,719Closing the browser
2018-02-01 13:44:07,001Setting the properties of the browsers
2018-02-01 13:44:07,349Opening the browser
2018-02-01 13:44:52,459Entering the url
2018-02-01 13:44:52,486verifying the home page
2018-02-01 13:44:52,494clicking on flights
2018-02-01 13:44:52,687clicking on One way flights
2018-02-01 13:44:52,934Typing chennai in source
2018-02-01 13:44:53,311Typing bangalore in destination
2018-02-01 13:44:54,723Entering date of search
2018-02-01 13:45:01,185verifying the search page
2018-02-01 13:45:01,203verifying the source and destination in search page
2018-02-01 13:45:03,114Closing the browser
2018-02-01 13:45:03,869Opening the browser
